[debug] [2022-11-23T21:28:15.960Z] ----------------------------------------------------------------------
[debug] [2022-11-23T21:28:15.962Z] Command:       C:\Program Files\nodejs\node.exe C:\Users\david\AppData\Roaming\npm\node_modules\firebase-tools\lib\bin\firebase.js init
[debug] [2022-11-23T21:28:15.962Z] CLI Version:   11.16.1
[debug] [2022-11-23T21:28:15.963Z] Platform:      win32
[debug] [2022-11-23T21:28:15.963Z] Node Version:  v16.17.0
[debug] [2022-11-23T21:28:15.964Z] Time:          Wed Nov 23 2022 22:28:15 GMT+0100 (stredoeurópsky štandardný čas)
[debug] [2022-11-23T21:28:15.964Z] ----------------------------------------------------------------------
[debug] 
[debug] [2022-11-23T21:28:15.975Z] > command requires scopes: ["email","openid","https://www.googleapis.com/auth/cloudplatformprojects.readonly","https://www.googleapis.com/auth/firebase","https://www.googleapis.com/auth/cloud-platform"]
[debug] [2022-11-23T21:28:15.976Z] > authorizing via signed-in user (david.zliechovec@gmail.com)
[info] 
     ######## #### ########  ######## ########     ###     ######  ########
     ##        ##  ##     ## ##       ##     ##  ##   ##  ##       ##
     ######    ##  ########  ######   ########  #########  ######  ######
     ##        ##  ##    ##  ##       ##     ## ##     ##       ## ##
     ##       #### ##     ## ######## ########  ##     ##  ######  ########

You're about to initialize a Firebase project in this directory:

  C:\Users\david\OneDrive\Projects\EconomyWeb\economy-web

[info] 
=== Project Setup
[info] 
[info] First, let's associate this project directory with a Firebase project.
[info] You can create multiple project aliases by running firebase use --add, 
[info] but for now we'll just set up a default project.
[info] 
[debug] [2022-11-23T21:28:22.978Z] >>> [apiv2][query] GET https://firebase.googleapis.com/v1beta1/projects pageSize=100
[debug] [2022-11-23T21:28:23.605Z] <<< [apiv2][status] GET https://firebase.googleapis.com/v1beta1/projects 200
[debug] [2022-11-23T21:28:23.605Z] <<< [apiv2][body] GET https://firebase.googleapis.com/v1beta1/projects [omitted]
[info] i  Using project economyweb-ed9d6 (EconomyWeb) 
[info] 
=== Hosting Setup
[info] 
[info] Your public directory is the folder (relative to your project directory) that
[info] will contain Hosting assets to be uploaded with firebase deploy. If you
[info] have a build process for your assets, use your build's output directory.
[info] 
[debug] [2022-11-23T21:28:36.536Z] >>> [apiv2][query] GET https://www.gstatic.com/firebasejs/releases.json [none]
[debug] [2022-11-23T21:28:36.662Z] <<< [apiv2][status] GET https://www.gstatic.com/firebasejs/releases.json 200
[debug] [2022-11-23T21:28:36.663Z] <<< [apiv2][body] GET https://www.gstatic.com/firebasejs/releases.json {"current":{"version":"9.14.0","browserURL":"https://www.gstatic.com/firebasejs/9.14.0/firebase.js","packageURL":"https://www.gstatic.com/firebasejs/9.14.0/firebase.tgz"},"live":{"version":"9.14","browserURL":"https://www.gstatic.com/firebasejs/live/9.14/firebase.js","packageURL":"https://www.gstatic.com/firebasejs/live/9.14/firebase.tgz"},"components":{"analytics":"https://www.gstatic.com/firebasejs/9.14.0/firebase-analytics.js","app":"https://www.gstatic.com/firebasejs/9.14.0/firebase-app.js","app-check":"https://www.gstatic.com/firebasejs/9.14.0/firebase-app-check.js","auth":"https://www.gstatic.com/firebasejs/9.14.0/firebase-auth.js","auth/cordova":"https://www.gstatic.com/firebasejs/9.14.0/firebase-auth/cordova.js","auth/react-native":"https://www.gstatic.com/firebasejs/9.14.0/firebase-auth/react-native.js","functions":"https://www.gstatic.com/firebasejs/9.14.0/firebase-functions.js","firestore":"https://www.gstatic.com/firebasejs/9.14.0/firebase-firestore.js","firestore/lite":"https://www.gstatic.com/firebasejs/9.14.0/firebase-firestore/lite.js","installations":"https://www.gstatic.com/firebasejs/9.14.0/firebase-installations.js","storage":"https://www.gstatic.com/firebasejs/9.14.0/firebase-storage.js","performance":"https://www.gstatic.com/firebasejs/9.14.0/firebase-performance.js","remote-config":"https://www.gstatic.com/firebasejs/9.14.0/firebase-remote-config.js","messaging":"https://www.gstatic.com/firebasejs/9.14.0/firebase-messaging.js","messaging/sw":"https://www.gstatic.com/firebasejs/9.14.0/firebase-messaging/sw.js","database":"https://www.gstatic.com/firebasejs/9.14.0/firebase-database.js","firestore.memory":"https://www.gstatic.com/firebasejs/9.14.0/firebase-firestore.memory.js"}}
[info] i  Skipping write of public/index.html 
[info] 
[info] i  Detected a .git folder at C:\Users\david\OneDrive\Projects\EconomyWeb\economy-web 
[info] i  Authorizing with GitHub to upload your service account to a GitHub repository's secrets store. 
[info] 
[info] Visit this URL on this device to log in:
[info] https://github.com/login/oauth/authorize?client_id=89cf50f02ac6aaed3484&state=175870171&redirect_uri=http%3A%2F%2Flocalhost%3A9005&scope=read%3Auser%20repo%20public_repo
[info] 
[info] Waiting for authentication...
[debug] [2022-11-23T21:28:46.482Z] >>> [apiv2][query] POST https://github.com/login/oauth/access_token [none]
[debug] [2022-11-23T21:28:46.482Z] >>> [apiv2][body] POST https://github.com/login/oauth/access_token [stream]
[debug] [2022-11-23T21:28:46.813Z] <<< [apiv2][status] POST https://github.com/login/oauth/access_token 200
[debug] [2022-11-23T21:28:46.813Z] <<< [apiv2][body] POST https://github.com/login/oauth/access_token {"access_token":"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","token_type":"bearer","scope":"read:user,repo"}
[debug] [2022-11-23T21:28:46.823Z] >>> [apiv2][query] GET https://api.github.com/user [none]
[debug] [2022-11-23T21:28:47.147Z] <<< [apiv2][status] GET https://api.github.com/user 200
[debug] [2022-11-23T21:28:47.148Z] <<< [apiv2][body] GET https://api.github.com/user {"login":"Guard-SK","id":81436587,"node_id":"MDQ6VXNlcjgxNDM2NTg3","avatar_url":"https://avatars.githubusercontent.com/u/81436587?v=4","gravatar_id":"","url":"https://api.github.com/users/Guard-SK","html_url":"https://github.com/Guard-SK","followers_url":"https://api.github.com/users/Guard-SK/followers","following_url":"https://api.github.com/users/Guard-SK/following{/other_user}","gists_url":"https://api.github.com/users/Guard-SK/gists{/gist_id}","starred_url":"https://api.github.com/users/Guard-SK/starred{/owner}{/repo}","subscriptions_url":"https://api.github.com/users/Guard-SK/subscriptions","organizations_url":"https://api.github.com/users/Guard-SK/orgs","repos_url":"https://api.github.com/users/Guard-SK/repos","events_url":"https://api.github.com/users/Guard-SK/events{/privacy}","received_events_url":"https://api.github.com/users/Guard-SK/received_events","type":"User","site_admin":false,"name":null,"company":null,"blog":"","location":null,"email":null,"hireable":null,"bio":null,"twitter_username":null,"public_repos":9,"public_gists":0,"followers":1,"following":0,"created_at":"2021-03-26T17:30:44Z","updated_at":"2022-11-20T15:09:52Z","private_gists":0,"total_private_repos":4,"owned_private_repos":4,"disk_usage":25075,"collaborators":0,"two_factor_authentication":true,"plan":{"name":"free","space":976562499,"collaborators":0,"private_repos":10000}}
[info] 
[info] +  Success! Logged into GitHub as Guard-SK 
[info] 
